<?xml version="1.0" encoding="UTF-8"?>
<testng-results ignored="0" total="1" passed="1" failed="0" skipped="0">
  <reporter-output>
  </reporter-output>
  <suite started-at="2025-11-22T17:51:31 IST" name="Default suite" finished-at="2025-11-22T17:51:31 IST" duration-ms="157">
    <groups>
    </groups>
    <test started-at="2025-11-22T17:51:31 IST" name="Default test" finished-at="2025-11-22T17:51:31 IST" duration-ms="157">
      <class name="GitPractice.DemoPractice">
        <test-method signature="m1()[pri:0, instance:GitPractice.DemoPractice@1189dd52]" started-at="2025-11-22T17:51:31 IST" name="m1" finished-at="2025-11-22T17:51:31 IST" duration-ms="33" status="PASS">
          <reporter-output>
          </reporter-output>
        </test-method> <!-- m1 -->
      </class> <!-- GitPractice.DemoPractice -->
    </test> <!-- Default test -->
  </suite> <!-- Default suite -->
</testng-results>
